(0.004) SELECT "userservice_user"."id", "userservice_user"."last_login", "userservice_user"."username", "userservice_user"."password" FROM "userservice_user" WHERE "userservice_user"."id" = 2 LIMIT 21; args=(2,)
(0.003) SELECT "feedservice_feed"."id", "feedservice_feed"."title", "feedservice_feed"."url", "feedservice_feed"."registered_by_id", "feedservice_feed"."created_at", "feedservice_feed"."updated_at" FROM "feedservice_feed" WHERE "feedservice_feed"."id" = 2 ORDER BY "feedservice_feed"."id" ASC LIMIT 1; args=(2,)
(0.002) SELECT "userservice_user"."id", "userservice_user"."last_login", "userservice_user"."username", "userservice_user"."password" FROM "userservice_user" WHERE "userservice_user"."id" = 2 LIMIT 21; args=(2,)
(0.003) SELECT ("feedservice_feed_followers"."user_id") AS "_prefetch_related_val_user_id", "feedservice_feed"."id", "feedservice_feed"."title", "feedservice_feed"."url", "feedservice_feed"."registered_by_id", "feedservice_feed"."created_at", "feedservice_feed"."updated_at" FROM "feedservice_feed" INNER JOIN "feedservice_feed_followers" ON ("feedservice_feed"."id" = "feedservice_feed_followers"."feed_id") WHERE "feedservice_feed_followers"."user_id" IN (2); args=(2,)
(0.004) SELECT "feedservice_feed"."id" FROM "feedservice_feed" INNER JOIN "feedservice_feed_followers" ON ("feedservice_feed"."id" = "feedservice_feed_followers"."feed_id") WHERE "feedservice_feed_followers"."user_id" = 2; args=(2,)
(0.010) DELETE FROM "feedservice_feed_followers" WHERE ("feedservice_feed_followers"."feed_id" = 2 AND "feedservice_feed_followers"."user_id" IN (2)); args=(2, 2)
(0.001) SELECT "userservice_user"."id", "userservice_user"."last_login", "userservice_user"."username", "userservice_user"."password" FROM "userservice_user" INNER JOIN "feedservice_feed_followers" ON ("userservice_user"."id" = "feedservice_feed_followers"."user_id") WHERE "feedservice_feed_followers"."feed_id" = 2; args=(2,)
(0.005) 
            SELECT c.relname,
            CASE WHEN c.relispartition THEN 'p' WHEN c.relkind IN ('m', 'v') THEN 'v' ELSE 't' END
            FROM pg_catalog.pg_class c
            LEFT JOIN pg_catalog.pg_namespace n ON n.oid = c.relnamespace
            WHERE c.relkind IN ('f', 'm', 'p', 'r', 'v')
                AND n.nspname NOT IN ('pg_catalog', 'pg_toast')
                AND pg_catalog.pg_table_is_visible(c.oid)
        ; args=None
(0.002) SELECT "django_migrations"."id", "django_migrations"."app", "django_migrations"."name", "django_migrations"."applied" FROM "django_migrations"; args=()
(0.002) SELECT "userservice_user"."id", "userservice_user"."last_login", "userservice_user"."username", "userservice_user"."password" FROM "userservice_user" WHERE "userservice_user"."id" = 2 LIMIT 21; args=(2,)
(0.004) SELECT "feedservice_feed"."id", "feedservice_feed"."title", "feedservice_feed"."url", "feedservice_feed"."registered_by_id", "feedservice_feed"."created_at", "feedservice_feed"."updated_at" FROM "feedservice_feed" WHERE "feedservice_feed"."id" = 2 ORDER BY "feedservice_feed"."id" ASC LIMIT 1; args=(2,)
(0.005) 
            SELECT c.relname,
            CASE WHEN c.relispartition THEN 'p' WHEN c.relkind IN ('m', 'v') THEN 'v' ELSE 't' END
            FROM pg_catalog.pg_class c
            LEFT JOIN pg_catalog.pg_namespace n ON n.oid = c.relnamespace
            WHERE c.relkind IN ('f', 'm', 'p', 'r', 'v')
                AND n.nspname NOT IN ('pg_catalog', 'pg_toast')
                AND pg_catalog.pg_table_is_visible(c.oid)
        ; args=None
(0.003) SELECT "django_migrations"."id", "django_migrations"."app", "django_migrations"."name", "django_migrations"."applied" FROM "django_migrations"; args=()
(0.004) 
            SELECT c.relname,
            CASE WHEN c.relispartition THEN 'p' WHEN c.relkind IN ('m', 'v') THEN 'v' ELSE 't' END
            FROM pg_catalog.pg_class c
            LEFT JOIN pg_catalog.pg_namespace n ON n.oid = c.relnamespace
            WHERE c.relkind IN ('f', 'm', 'p', 'r', 'v')
                AND n.nspname NOT IN ('pg_catalog', 'pg_toast')
                AND pg_catalog.pg_table_is_visible(c.oid)
        ; args=None
(0.002) SELECT "django_migrations"."id", "django_migrations"."app", "django_migrations"."name", "django_migrations"."applied" FROM "django_migrations"; args=()
(0.009) 
            SELECT c.relname,
            CASE WHEN c.relispartition THEN 'p' WHEN c.relkind IN ('m', 'v') THEN 'v' ELSE 't' END
            FROM pg_catalog.pg_class c
            LEFT JOIN pg_catalog.pg_namespace n ON n.oid = c.relnamespace
            WHERE c.relkind IN ('f', 'm', 'p', 'r', 'v')
                AND n.nspname NOT IN ('pg_catalog', 'pg_toast')
                AND pg_catalog.pg_table_is_visible(c.oid)
        ; args=None
(0.002) SELECT "django_migrations"."id", "django_migrations"."app", "django_migrations"."name", "django_migrations"."applied" FROM "django_migrations"; args=()
(0.006) 
            SELECT c.relname,
            CASE WHEN c.relispartition THEN 'p' WHEN c.relkind IN ('m', 'v') THEN 'v' ELSE 't' END
            FROM pg_catalog.pg_class c
            LEFT JOIN pg_catalog.pg_namespace n ON n.oid = c.relnamespace
            WHERE c.relkind IN ('f', 'm', 'p', 'r', 'v')
                AND n.nspname NOT IN ('pg_catalog', 'pg_toast')
                AND pg_catalog.pg_table_is_visible(c.oid)
        ; args=None
(0.002) SELECT "django_migrations"."id", "django_migrations"."app", "django_migrations"."name", "django_migrations"."applied" FROM "django_migrations"; args=()
(0.004) 
            SELECT c.relname,
            CASE WHEN c.relispartition THEN 'p' WHEN c.relkind IN ('m', 'v') THEN 'v' ELSE 't' END
            FROM pg_catalog.pg_class c
            LEFT JOIN pg_catalog.pg_namespace n ON n.oid = c.relnamespace
            WHERE c.relkind IN ('f', 'm', 'p', 'r', 'v')
                AND n.nspname NOT IN ('pg_catalog', 'pg_toast')
                AND pg_catalog.pg_table_is_visible(c.oid)
        ; args=None
(0.003) SELECT "django_migrations"."id", "django_migrations"."app", "django_migrations"."name", "django_migrations"."applied" FROM "django_migrations"; args=()
(0.006) SELECT "userservice_user"."id", "userservice_user"."last_login", "userservice_user"."username", "userservice_user"."password" FROM "userservice_user" WHERE "userservice_user"."id" = 2 LIMIT 21; args=(2,)
(0.004) SELECT "feedservice_feed"."id", "feedservice_feed"."title", "feedservice_feed"."url", "feedservice_feed"."registered_by_id", "feedservice_feed"."created_at", "feedservice_feed"."updated_at" FROM "feedservice_feed" WHERE "feedservice_feed"."id" = 2 ORDER BY "feedservice_feed"."id" ASC LIMIT 1; args=(2,)
(0.003) SELECT "userservice_user"."id", "userservice_user"."last_login", "userservice_user"."username", "userservice_user"."password" FROM "userservice_user" WHERE "userservice_user"."id" = 2 LIMIT 21; args=(2,)
(0.004) SELECT ("feedservice_feed_followers"."user_id") AS "_prefetch_related_val_user_id", "feedservice_feed"."id", "feedservice_feed"."title", "feedservice_feed"."url", "feedservice_feed"."registered_by_id", "feedservice_feed"."created_at", "feedservice_feed"."updated_at" FROM "feedservice_feed" INNER JOIN "feedservice_feed_followers" ON ("feedservice_feed"."id" = "feedservice_feed_followers"."feed_id") WHERE "feedservice_feed_followers"."user_id" IN (2); args=(2,)
(0.004) 
            SELECT c.relname,
            CASE WHEN c.relispartition THEN 'p' WHEN c.relkind IN ('m', 'v') THEN 'v' ELSE 't' END
            FROM pg_catalog.pg_class c
            LEFT JOIN pg_catalog.pg_namespace n ON n.oid = c.relnamespace
            WHERE c.relkind IN ('f', 'm', 'p', 'r', 'v')
                AND n.nspname NOT IN ('pg_catalog', 'pg_toast')
                AND pg_catalog.pg_table_is_visible(c.oid)
        ; args=None
(0.003) SELECT "django_migrations"."id", "django_migrations"."app", "django_migrations"."name", "django_migrations"."applied" FROM "django_migrations"; args=()
(0.003) SELECT "userservice_user"."id", "userservice_user"."last_login", "userservice_user"."username", "userservice_user"."password" FROM "userservice_user" WHERE "userservice_user"."id" = 2 LIMIT 21; args=(2,)
(0.007) SELECT "feedservice_feed"."id", "feedservice_feed"."title", "feedservice_feed"."url", "feedservice_feed"."registered_by_id", "feedservice_feed"."created_at", "feedservice_feed"."updated_at" FROM "feedservice_feed" WHERE "feedservice_feed"."id" = 2 ORDER BY "feedservice_feed"."id" ASC LIMIT 1; args=(2,)
(0.002) SELECT "userservice_user"."id", "userservice_user"."last_login", "userservice_user"."username", "userservice_user"."password" FROM "userservice_user" WHERE "userservice_user"."id" = 2 LIMIT 21; args=(2,)
(0.002) SELECT ("feedservice_feed_followers"."user_id") AS "_prefetch_related_val_user_id", "feedservice_feed"."id", "feedservice_feed"."title", "feedservice_feed"."url", "feedservice_feed"."registered_by_id", "feedservice_feed"."created_at", "feedservice_feed"."updated_at" FROM "feedservice_feed" INNER JOIN "feedservice_feed_followers" ON ("feedservice_feed"."id" = "feedservice_feed_followers"."feed_id") WHERE "feedservice_feed_followers"."user_id" IN (2); args=(2,)
(0.012) 
            SELECT c.relname,
            CASE WHEN c.relispartition THEN 'p' WHEN c.relkind IN ('m', 'v') THEN 'v' ELSE 't' END
            FROM pg_catalog.pg_class c
            LEFT JOIN pg_catalog.pg_namespace n ON n.oid = c.relnamespace
            WHERE c.relkind IN ('f', 'm', 'p', 'r', 'v')
                AND n.nspname NOT IN ('pg_catalog', 'pg_toast')
                AND pg_catalog.pg_table_is_visible(c.oid)
        ; args=None
(0.002) SELECT "django_migrations"."id", "django_migrations"."app", "django_migrations"."name", "django_migrations"."applied" FROM "django_migrations"; args=()
(0.005) 
            SELECT c.relname,
            CASE WHEN c.relispartition THEN 'p' WHEN c.relkind IN ('m', 'v') THEN 'v' ELSE 't' END
            FROM pg_catalog.pg_class c
            LEFT JOIN pg_catalog.pg_namespace n ON n.oid = c.relnamespace
            WHERE c.relkind IN ('f', 'm', 'p', 'r', 'v')
                AND n.nspname NOT IN ('pg_catalog', 'pg_toast')
                AND pg_catalog.pg_table_is_visible(c.oid)
        ; args=None
(0.002) SELECT "django_migrations"."id", "django_migrations"."app", "django_migrations"."name", "django_migrations"."applied" FROM "django_migrations"; args=()
(0.003) 
            SELECT c.relname,
            CASE WHEN c.relispartition THEN 'p' WHEN c.relkind IN ('m', 'v') THEN 'v' ELSE 't' END
            FROM pg_catalog.pg_class c
            LEFT JOIN pg_catalog.pg_namespace n ON n.oid = c.relnamespace
            WHERE c.relkind IN ('f', 'm', 'p', 'r', 'v')
                AND n.nspname NOT IN ('pg_catalog', 'pg_toast')
                AND pg_catalog.pg_table_is_visible(c.oid)
        ; args=None
(0.002) SELECT "django_migrations"."id", "django_migrations"."app", "django_migrations"."name", "django_migrations"."applied" FROM "django_migrations"; args=()
(0.006) 
            SELECT c.relname,
            CASE WHEN c.relispartition THEN 'p' WHEN c.relkind IN ('m', 'v') THEN 'v' ELSE 't' END
            FROM pg_catalog.pg_class c
            LEFT JOIN pg_catalog.pg_namespace n ON n.oid = c.relnamespace
            WHERE c.relkind IN ('f', 'm', 'p', 'r', 'v')
                AND n.nspname NOT IN ('pg_catalog', 'pg_toast')
                AND pg_catalog.pg_table_is_visible(c.oid)
        ; args=None
(0.004) SELECT "django_migrations"."id", "django_migrations"."app", "django_migrations"."name", "django_migrations"."applied" FROM "django_migrations"; args=()
(0.005) 
            SELECT c.relname,
            CASE WHEN c.relispartition THEN 'p' WHEN c.relkind IN ('m', 'v') THEN 'v' ELSE 't' END
            FROM pg_catalog.pg_class c
            LEFT JOIN pg_catalog.pg_namespace n ON n.oid = c.relnamespace
            WHERE c.relkind IN ('f', 'm', 'p', 'r', 'v')
                AND n.nspname NOT IN ('pg_catalog', 'pg_toast')
                AND pg_catalog.pg_table_is_visible(c.oid)
        ; args=None
(0.002) SELECT "django_migrations"."id", "django_migrations"."app", "django_migrations"."name", "django_migrations"."applied" FROM "django_migrations"; args=()
(0.007) 
            SELECT c.relname,
            CASE WHEN c.relispartition THEN 'p' WHEN c.relkind IN ('m', 'v') THEN 'v' ELSE 't' END
            FROM pg_catalog.pg_class c
            LEFT JOIN pg_catalog.pg_namespace n ON n.oid = c.relnamespace
            WHERE c.relkind IN ('f', 'm', 'p', 'r', 'v')
                AND n.nspname NOT IN ('pg_catalog', 'pg_toast')
                AND pg_catalog.pg_table_is_visible(c.oid)
        ; args=None
(0.012) SELECT "django_migrations"."id", "django_migrations"."app", "django_migrations"."name", "django_migrations"."applied" FROM "django_migrations"; args=()
(0.006) 
            SELECT c.relname,
            CASE WHEN c.relispartition THEN 'p' WHEN c.relkind IN ('m', 'v') THEN 'v' ELSE 't' END
            FROM pg_catalog.pg_class c
            LEFT JOIN pg_catalog.pg_namespace n ON n.oid = c.relnamespace
            WHERE c.relkind IN ('f', 'm', 'p', 'r', 'v')
                AND n.nspname NOT IN ('pg_catalog', 'pg_toast')
                AND pg_catalog.pg_table_is_visible(c.oid)
        ; args=None
(0.003) SELECT "django_migrations"."id", "django_migrations"."app", "django_migrations"."name", "django_migrations"."applied" FROM "django_migrations"; args=()
(0.004) 
            SELECT c.relname,
            CASE WHEN c.relispartition THEN 'p' WHEN c.relkind IN ('m', 'v') THEN 'v' ELSE 't' END
            FROM pg_catalog.pg_class c
            LEFT JOIN pg_catalog.pg_namespace n ON n.oid = c.relnamespace
            WHERE c.relkind IN ('f', 'm', 'p', 'r', 'v')
                AND n.nspname NOT IN ('pg_catalog', 'pg_toast')
                AND pg_catalog.pg_table_is_visible(c.oid)
        ; args=None
(0.002) SELECT "django_migrations"."id", "django_migrations"."app", "django_migrations"."name", "django_migrations"."applied" FROM "django_migrations"; args=()
(0.008) SELECT "userservice_user"."id", "userservice_user"."last_login", "userservice_user"."username", "userservice_user"."password" FROM "userservice_user" WHERE "userservice_user"."id" = 2 LIMIT 21; args=(2,)
(0.004) 
            SELECT c.relname,
            CASE WHEN c.relispartition THEN 'p' WHEN c.relkind IN ('m', 'v') THEN 'v' ELSE 't' END
            FROM pg_catalog.pg_class c
            LEFT JOIN pg_catalog.pg_namespace n ON n.oid = c.relnamespace
            WHERE c.relkind IN ('f', 'm', 'p', 'r', 'v')
                AND n.nspname NOT IN ('pg_catalog', 'pg_toast')
                AND pg_catalog.pg_table_is_visible(c.oid)
        ; args=None
(0.002) SELECT "django_migrations"."id", "django_migrations"."app", "django_migrations"."name", "django_migrations"."applied" FROM "django_migrations"; args=()
(0.003) SELECT "userservice_user"."id", "userservice_user"."last_login", "userservice_user"."username", "userservice_user"."password" FROM "userservice_user" WHERE "userservice_user"."id" = 2 LIMIT 21; args=(2,)
(0.003) SELECT "feedservice_feeditems"."id", "feedservice_feeditems"."title", "feedservice_feeditems"."link", "feedservice_feeditems"."summary", "feedservice_feeditems"."feed_id", "feedservice_feeditems"."created_at", "feedservice_feeditems"."updated_at" FROM "feedservice_feeditems" WHERE "feedservice_feeditems"."feed_id" IN (SELECT U0."id" FROM "feedservice_feed" U0 WHERE U0."id" = 1) ORDER BY "feedservice_feeditems"."created_at" DESC; args=(1,)
(0.003) SELECT "userservice_user"."id", "userservice_user"."last_login", "userservice_user"."username", "userservice_user"."password" FROM "userservice_user" WHERE "userservice_user"."id" = 2 LIMIT 21; args=(2,)
(0.006) SELECT "feedservice_feeditems"."id", "feedservice_feeditems"."title", "feedservice_feeditems"."link", "feedservice_feeditems"."summary", "feedservice_feeditems"."feed_id", "feedservice_feeditems"."created_at", "feedservice_feeditems"."updated_at" FROM "feedservice_feeditems" WHERE "feedservice_feeditems"."feed_id" IN (SELECT U0."id" FROM "feedservice_feed" U0 WHERE U0."id" = 2) ORDER BY "feedservice_feeditems"."created_at" DESC; args=(2,)
(0.002) SELECT "userservice_user"."id", "userservice_user"."last_login", "userservice_user"."username", "userservice_user"."password" FROM "userservice_user" WHERE "userservice_user"."id" = 2 LIMIT 21; args=(2,)
(0.002) SELECT "feedservice_feed"."id", "feedservice_feed"."title", "feedservice_feed"."url", "feedservice_feed"."registered_by_id", "feedservice_feed"."created_at", "feedservice_feed"."updated_at" FROM "feedservice_feed" WHERE "feedservice_feed"."registered_by_id" = 2; args=(2,)
(0.004) SELECT "userservice_user"."id", "userservice_user"."last_login", "userservice_user"."username", "userservice_user"."password" FROM "userservice_user" INNER JOIN "feedservice_feed_followers" ON ("userservice_user"."id" = "feedservice_feed_followers"."user_id") WHERE "feedservice_feed_followers"."feed_id" = 2; args=(2,)
(0.003) SELECT "userservice_user"."id", "userservice_user"."last_login", "userservice_user"."username", "userservice_user"."password" FROM "userservice_user" INNER JOIN "feedservice_feed_followers" ON ("userservice_user"."id" = "feedservice_feed_followers"."user_id") WHERE "feedservice_feed_followers"."feed_id" = 1; args=(1,)
(0.007) 
            SELECT c.relname,
            CASE WHEN c.relispartition THEN 'p' WHEN c.relkind IN ('m', 'v') THEN 'v' ELSE 't' END
            FROM pg_catalog.pg_class c
            LEFT JOIN pg_catalog.pg_namespace n ON n.oid = c.relnamespace
            WHERE c.relkind IN ('f', 'm', 'p', 'r', 'v')
                AND n.nspname NOT IN ('pg_catalog', 'pg_toast')
                AND pg_catalog.pg_table_is_visible(c.oid)
        ; args=None
(0.011) SELECT "django_migrations"."id", "django_migrations"."app", "django_migrations"."name", "django_migrations"."applied" FROM "django_migrations"; args=()
(0.006) 
            SELECT c.relname,
            CASE WHEN c.relispartition THEN 'p' WHEN c.relkind IN ('m', 'v') THEN 'v' ELSE 't' END
            FROM pg_catalog.pg_class c
            LEFT JOIN pg_catalog.pg_namespace n ON n.oid = c.relnamespace
            WHERE c.relkind IN ('f', 'm', 'p', 'r', 'v')
                AND n.nspname NOT IN ('pg_catalog', 'pg_toast')
                AND pg_catalog.pg_table_is_visible(c.oid)
        ; args=None
(0.004) SELECT "django_migrations"."id", "django_migrations"."app", "django_migrations"."name", "django_migrations"."applied" FROM "django_migrations"; args=()
(0.008) 
            SELECT c.relname,
            CASE WHEN c.relispartition THEN 'p' WHEN c.relkind IN ('m', 'v') THEN 'v' ELSE 't' END
            FROM pg_catalog.pg_class c
            LEFT JOIN pg_catalog.pg_namespace n ON n.oid = c.relnamespace
            WHERE c.relkind IN ('f', 'm', 'p', 'r', 'v')
                AND n.nspname NOT IN ('pg_catalog', 'pg_toast')
                AND pg_catalog.pg_table_is_visible(c.oid)
        ; args=None
(0.002) SELECT "django_migrations"."id", "django_migrations"."app", "django_migrations"."name", "django_migrations"."applied" FROM "django_migrations"; args=()
(0.003) 
            SELECT c.relname,
            CASE WHEN c.relispartition THEN 'p' WHEN c.relkind IN ('m', 'v') THEN 'v' ELSE 't' END
            FROM pg_catalog.pg_class c
            LEFT JOIN pg_catalog.pg_namespace n ON n.oid = c.relnamespace
            WHERE c.relkind IN ('f', 'm', 'p', 'r', 'v')
                AND n.nspname NOT IN ('pg_catalog', 'pg_toast')
                AND pg_catalog.pg_table_is_visible(c.oid)
        ; args=None
(0.002) SELECT "django_migrations"."id", "django_migrations"."app", "django_migrations"."name", "django_migrations"."applied" FROM "django_migrations"; args=()
(0.004) 
            SELECT c.relname,
            CASE WHEN c.relispartition THEN 'p' WHEN c.relkind IN ('m', 'v') THEN 'v' ELSE 't' END
            FROM pg_catalog.pg_class c
            LEFT JOIN pg_catalog.pg_namespace n ON n.oid = c.relnamespace
            WHERE c.relkind IN ('f', 'm', 'p', 'r', 'v')
                AND n.nspname NOT IN ('pg_catalog', 'pg_toast')
                AND pg_catalog.pg_table_is_visible(c.oid)
        ; args=None
(0.002) SELECT "django_migrations"."id", "django_migrations"."app", "django_migrations"."name", "django_migrations"."applied" FROM "django_migrations"; args=()
(0.002) SELECT "userservice_user"."id", "userservice_user"."last_login", "userservice_user"."username", "userservice_user"."password" FROM "userservice_user" WHERE "userservice_user"."id" = 2 LIMIT 21; args=(2,)
(0.002) SELECT "userservice_user"."id", "userservice_user"."last_login", "userservice_user"."username", "userservice_user"."password" FROM "userservice_user" WHERE "userservice_user"."id" = 2 LIMIT 21; args=(2,)
(0.005) SELECT "userservice_user"."id", "userservice_user"."last_login", "userservice_user"."username", "userservice_user"."password" FROM "userservice_user" WHERE "userservice_user"."id" = 2 LIMIT 21; args=(2,)
(0.005) SELECT "userservice_user"."id", "userservice_user"."last_login", "userservice_user"."username", "userservice_user"."password" FROM "userservice_user" WHERE "userservice_user"."id" = 2 LIMIT 21; args=(2,)
(0.004) 
            SELECT c.relname,
            CASE WHEN c.relispartition THEN 'p' WHEN c.relkind IN ('m', 'v') THEN 'v' ELSE 't' END
            FROM pg_catalog.pg_class c
            LEFT JOIN pg_catalog.pg_namespace n ON n.oid = c.relnamespace
            WHERE c.relkind IN ('f', 'm', 'p', 'r', 'v')
                AND n.nspname NOT IN ('pg_catalog', 'pg_toast')
                AND pg_catalog.pg_table_is_visible(c.oid)
        ; args=None
(0.002) SELECT "django_migrations"."id", "django_migrations"."app", "django_migrations"."name", "django_migrations"."applied" FROM "django_migrations"; args=()
(0.010) SELECT "userservice_user"."id", "userservice_user"."last_login", "userservice_user"."username", "userservice_user"."password" FROM "userservice_user" WHERE "userservice_user"."id" = 2 LIMIT 21; args=(2,)
(0.003) 
            SELECT c.relname,
            CASE WHEN c.relispartition THEN 'p' WHEN c.relkind IN ('m', 'v') THEN 'v' ELSE 't' END
            FROM pg_catalog.pg_class c
            LEFT JOIN pg_catalog.pg_namespace n ON n.oid = c.relnamespace
            WHERE c.relkind IN ('f', 'm', 'p', 'r', 'v')
                AND n.nspname NOT IN ('pg_catalog', 'pg_toast')
                AND pg_catalog.pg_table_is_visible(c.oid)
        ; args=None
(0.002) SELECT "django_migrations"."id", "django_migrations"."app", "django_migrations"."name", "django_migrations"."applied" FROM "django_migrations"; args=()
(0.003) SELECT "userservice_user"."id", "userservice_user"."last_login", "userservice_user"."username", "userservice_user"."password" FROM "userservice_user" WHERE "userservice_user"."id" = 2 LIMIT 21; args=(2,)
(0.008) 
            SELECT c.relname,
            CASE WHEN c.relispartition THEN 'p' WHEN c.relkind IN ('m', 'v') THEN 'v' ELSE 't' END
            FROM pg_catalog.pg_class c
            LEFT JOIN pg_catalog.pg_namespace n ON n.oid = c.relnamespace
            WHERE c.relkind IN ('f', 'm', 'p', 'r', 'v')
                AND n.nspname NOT IN ('pg_catalog', 'pg_toast')
                AND pg_catalog.pg_table_is_visible(c.oid)
        ; args=None
(0.003) SELECT "django_migrations"."id", "django_migrations"."app", "django_migrations"."name", "django_migrations"."applied" FROM "django_migrations"; args=()
(0.074) 
            SELECT c.relname,
            CASE WHEN c.relispartition THEN 'p' WHEN c.relkind IN ('m', 'v') THEN 'v' ELSE 't' END
            FROM pg_catalog.pg_class c
            LEFT JOIN pg_catalog.pg_namespace n ON n.oid = c.relnamespace
            WHERE c.relkind IN ('f', 'm', 'p', 'r', 'v')
                AND n.nspname NOT IN ('pg_catalog', 'pg_toast')
                AND pg_catalog.pg_table_is_visible(c.oid)
        ; args=None
(0.015) SELECT "django_migrations"."id", "django_migrations"."app", "django_migrations"."name", "django_migrations"."applied" FROM "django_migrations"; args=()
(0.007) 
            SELECT c.relname,
            CASE WHEN c.relispartition THEN 'p' WHEN c.relkind IN ('m', 'v') THEN 'v' ELSE 't' END
            FROM pg_catalog.pg_class c
            LEFT JOIN pg_catalog.pg_namespace n ON n.oid = c.relnamespace
            WHERE c.relkind IN ('f', 'm', 'p', 'r', 'v')
                AND n.nspname NOT IN ('pg_catalog', 'pg_toast')
                AND pg_catalog.pg_table_is_visible(c.oid)
        ; args=None
(0.003) SELECT "django_migrations"."id", "django_migrations"."app", "django_migrations"."name", "django_migrations"."applied" FROM "django_migrations"; args=()
(0.009) 
            SELECT c.relname,
            CASE WHEN c.relispartition THEN 'p' WHEN c.relkind IN ('m', 'v') THEN 'v' ELSE 't' END
            FROM pg_catalog.pg_class c
            LEFT JOIN pg_catalog.pg_namespace n ON n.oid = c.relnamespace
            WHERE c.relkind IN ('f', 'm', 'p', 'r', 'v')
                AND n.nspname NOT IN ('pg_catalog', 'pg_toast')
                AND pg_catalog.pg_table_is_visible(c.oid)
        ; args=None
(0.002) SELECT "django_migrations"."id", "django_migrations"."app", "django_migrations"."name", "django_migrations"."applied" FROM "django_migrations"; args=()
(0.006) SELECT "userservice_user"."id", "userservice_user"."last_login", "userservice_user"."username", "userservice_user"."password" FROM "userservice_user" WHERE "userservice_user"."id" = 2 LIMIT 21; args=(2,)
(0.003) SELECT "feedservice_feed"."id", "feedservice_feed"."title", "feedservice_feed"."url", "feedservice_feed"."registered_by_id", "feedservice_feed"."created_at", "feedservice_feed"."updated_at" FROM "feedservice_feed" LIMIT 21; args=()
(0.004) SELECT "feedservice_feed"."id", "feedservice_feed"."title", "feedservice_feed"."url", "feedservice_feed"."registered_by_id", "feedservice_feed"."created_at", "feedservice_feed"."updated_at" FROM "feedservice_feed" LIMIT 21; args=()
(0.002) SELECT "feedservice_feed"."id", "feedservice_feed"."title", "feedservice_feed"."url", "feedservice_feed"."registered_by_id", "feedservice_feed"."created_at", "feedservice_feed"."updated_at" FROM "feedservice_feed" LIMIT 21; args=()
(0.003) SELECT "feedservice_feed"."id", "feedservice_feed"."title", "feedservice_feed"."url", "feedservice_feed"."registered_by_id", "feedservice_feed"."created_at", "feedservice_feed"."updated_at" FROM "feedservice_feed" LIMIT 21; args=()
(0.007) 
            SELECT c.relname,
            CASE WHEN c.relispartition THEN 'p' WHEN c.relkind IN ('m', 'v') THEN 'v' ELSE 't' END
            FROM pg_catalog.pg_class c
            LEFT JOIN pg_catalog.pg_namespace n ON n.oid = c.relnamespace
            WHERE c.relkind IN ('f', 'm', 'p', 'r', 'v')
                AND n.nspname NOT IN ('pg_catalog', 'pg_toast')
                AND pg_catalog.pg_table_is_visible(c.oid)
        ; args=None
(0.002) SELECT "django_migrations"."id", "django_migrations"."app", "django_migrations"."name", "django_migrations"."applied" FROM "django_migrations"; args=()
(0.002) SELECT "userservice_user"."id", "userservice_user"."last_login", "userservice_user"."username", "userservice_user"."password" FROM "userservice_user" WHERE "userservice_user"."id" = 2 LIMIT 21; args=(2,)
(0.003) SELECT "userservice_user"."id", "userservice_user"."last_login", "userservice_user"."username", "userservice_user"."password" FROM "userservice_user" WHERE "userservice_user"."id" = 2 LIMIT 21; args=(2,)
(0.029) SELECT ("feedservice_feed_followers"."user_id") AS "_prefetch_related_val_user_id", "feedservice_feed"."id", "feedservice_feed"."title", "feedservice_feed"."url", "feedservice_feed"."registered_by_id", "feedservice_feed"."created_at", "feedservice_feed"."updated_at" FROM "feedservice_feed" INNER JOIN "feedservice_feed_followers" ON ("feedservice_feed"."id" = "feedservice_feed_followers"."feed_id") WHERE "feedservice_feed_followers"."user_id" IN (2); args=(2,)
(0.005) SELECT "feedservice_feed"."id" FROM "feedservice_feed" INNER JOIN "feedservice_feed_followers" ON ("feedservice_feed"."id" = "feedservice_feed_followers"."feed_id") WHERE "feedservice_feed_followers"."user_id" = 2; args=(2,)
(0.003) SELECT "feedservice_feed"."id", "feedservice_feed"."title", "feedservice_feed"."url", "feedservice_feed"."registered_by_id", "feedservice_feed"."created_at", "feedservice_feed"."updated_at" FROM "feedservice_feed" WHERE "feedservice_feed"."id" IN (1, 2, 3) LIMIT 21; args=(1, 2, 3)
(0.005) 
            SELECT c.relname,
            CASE WHEN c.relispartition THEN 'p' WHEN c.relkind IN ('m', 'v') THEN 'v' ELSE 't' END
            FROM pg_catalog.pg_class c
            LEFT JOIN pg_catalog.pg_namespace n ON n.oid = c.relnamespace
            WHERE c.relkind IN ('f', 'm', 'p', 'r', 'v')
                AND n.nspname NOT IN ('pg_catalog', 'pg_toast')
                AND pg_catalog.pg_table_is_visible(c.oid)
        ; args=None
(0.003) SELECT "django_migrations"."id", "django_migrations"."app", "django_migrations"."name", "django_migrations"."applied" FROM "django_migrations"; args=()
(0.005) 
            SELECT c.relname,
            CASE WHEN c.relispartition THEN 'p' WHEN c.relkind IN ('m', 'v') THEN 'v' ELSE 't' END
            FROM pg_catalog.pg_class c
            LEFT JOIN pg_catalog.pg_namespace n ON n.oid = c.relnamespace
            WHERE c.relkind IN ('f', 'm', 'p', 'r', 'v')
                AND n.nspname NOT IN ('pg_catalog', 'pg_toast')
                AND pg_catalog.pg_table_is_visible(c.oid)
        ; args=None
(0.003) SELECT "django_migrations"."id", "django_migrations"."app", "django_migrations"."name", "django_migrations"."applied" FROM "django_migrations"; args=()
(0.006) SELECT "userservice_user"."id", "userservice_user"."last_login", "userservice_user"."username", "userservice_user"."password" FROM "userservice_user" WHERE "userservice_user"."id" = 2 LIMIT 21; args=(2,)
(0.002) SELECT "userservice_user"."id", "userservice_user"."last_login", "userservice_user"."username", "userservice_user"."password" FROM "userservice_user" WHERE "userservice_user"."id" = 2 LIMIT 21; args=(2,)
(0.002) SELECT ("feedservice_feed_followers"."user_id") AS "_prefetch_related_val_user_id", "feedservice_feed"."id", "feedservice_feed"."title", "feedservice_feed"."url", "feedservice_feed"."registered_by_id", "feedservice_feed"."created_at", "feedservice_feed"."updated_at" FROM "feedservice_feed" INNER JOIN "feedservice_feed_followers" ON ("feedservice_feed"."id" = "feedservice_feed_followers"."feed_id") WHERE "feedservice_feed_followers"."user_id" IN (2); args=(2,)
(0.002) SELECT "feedservice_feed"."id" FROM "feedservice_feed" INNER JOIN "feedservice_feed_followers" ON ("feedservice_feed"."id" = "feedservice_feed_followers"."feed_id") WHERE "feedservice_feed_followers"."user_id" = 2; args=(2,)
(0.002) SELECT "feedservice_feed"."id", "feedservice_feed"."title", "feedservice_feed"."url", "feedservice_feed"."registered_by_id", "feedservice_feed"."created_at", "feedservice_feed"."updated_at" FROM "feedservice_feed" WHERE "feedservice_feed"."id" IN (1, 2, 3); args=(1, 2, 3)
(0.004) DELETE FROM "feedservice_feed_followers" WHERE ("feedservice_feed_followers"."feed_id" = 1 AND "feedservice_feed_followers"."user_id" IN (2)); args=(1, 2)
(0.004) SELECT "userservice_user"."id", "userservice_user"."last_login", "userservice_user"."username", "userservice_user"."password" FROM "userservice_user" WHERE "userservice_user"."id" = 2 LIMIT 21; args=(2,)
(0.002) SELECT "userservice_user"."id", "userservice_user"."last_login", "userservice_user"."username", "userservice_user"."password" FROM "userservice_user" WHERE "userservice_user"."id" = 2 LIMIT 21; args=(2,)
(0.006) SELECT ("feedservice_feed_followers"."user_id") AS "_prefetch_related_val_user_id", "feedservice_feed"."id", "feedservice_feed"."title", "feedservice_feed"."url", "feedservice_feed"."registered_by_id", "feedservice_feed"."created_at", "feedservice_feed"."updated_at" FROM "feedservice_feed" INNER JOIN "feedservice_feed_followers" ON ("feedservice_feed"."id" = "feedservice_feed_followers"."feed_id") WHERE "feedservice_feed_followers"."user_id" IN (2); args=(2,)
(0.002) SELECT "feedservice_feed"."id" FROM "feedservice_feed" INNER JOIN "feedservice_feed_followers" ON ("feedservice_feed"."id" = "feedservice_feed_followers"."feed_id") WHERE "feedservice_feed_followers"."user_id" = 2; args=(2,)
(0.002) SELECT "feedservice_feed"."id", "feedservice_feed"."title", "feedservice_feed"."url", "feedservice_feed"."registered_by_id", "feedservice_feed"."created_at", "feedservice_feed"."updated_at" FROM "feedservice_feed" WHERE "feedservice_feed"."id" IN (1, 2, 3); args=(1, 2, 3)
(0.005) INSERT INTO "feedservice_feed_followers" ("feed_id", "user_id") VALUES (2, 2) ON CONFLICT DO NOTHING; args=(2, 2)
(0.003) INSERT INTO "feedservice_feed_followers" ("feed_id", "user_id") VALUES (1, 2) ON CONFLICT DO NOTHING; args=(1, 2)
(0.004) 
            SELECT c.relname,
            CASE WHEN c.relispartition THEN 'p' WHEN c.relkind IN ('m', 'v') THEN 'v' ELSE 't' END
            FROM pg_catalog.pg_class c
            LEFT JOIN pg_catalog.pg_namespace n ON n.oid = c.relnamespace
            WHERE c.relkind IN ('f', 'm', 'p', 'r', 'v')
                AND n.nspname NOT IN ('pg_catalog', 'pg_toast')
                AND pg_catalog.pg_table_is_visible(c.oid)
        ; args=None
(0.004) SELECT "django_migrations"."id", "django_migrations"."app", "django_migrations"."name", "django_migrations"."applied" FROM "django_migrations"; args=()
(0.009) SELECT "userservice_user"."id", "userservice_user"."last_login", "userservice_user"."username", "userservice_user"."password" FROM "userservice_user" WHERE "userservice_user"."id" = 2 LIMIT 21; args=(2,)
(0.002) SELECT "userservice_user"."id", "userservice_user"."last_login", "userservice_user"."username", "userservice_user"."password" FROM "userservice_user" WHERE "userservice_user"."id" = 2 LIMIT 21; args=(2,)
(0.003) SELECT ("feedservice_feed_followers"."user_id") AS "_prefetch_related_val_user_id", "feedservice_feed"."id", "feedservice_feed"."title", "feedservice_feed"."url", "feedservice_feed"."registered_by_id", "feedservice_feed"."created_at", "feedservice_feed"."updated_at" FROM "feedservice_feed" INNER JOIN "feedservice_feed_followers" ON ("feedservice_feed"."id" = "feedservice_feed_followers"."feed_id") WHERE "feedservice_feed_followers"."user_id" IN (2); args=(2,)
(0.002) SELECT "feedservice_feed"."id" FROM "feedservice_feed" INNER JOIN "feedservice_feed_followers" ON ("feedservice_feed"."id" = "feedservice_feed_followers"."feed_id") WHERE "feedservice_feed_followers"."user_id" = 2; args=(2,)
(0.003) SELECT "feedservice_feed"."id", "feedservice_feed"."title", "feedservice_feed"."url", "feedservice_feed"."registered_by_id", "feedservice_feed"."created_at", "feedservice_feed"."updated_at" FROM "feedservice_feed" WHERE "feedservice_feed"."id" IN (1, 2, 3); args=(1, 2, 3)
(0.007) SELECT "userservice_user"."id", "userservice_user"."last_login", "userservice_user"."username", "userservice_user"."password" FROM "userservice_user" WHERE "userservice_user"."id" = 2 LIMIT 21; args=(2,)
(0.006) SELECT "userservice_user"."id", "userservice_user"."last_login", "userservice_user"."username", "userservice_user"."password" FROM "userservice_user" WHERE "userservice_user"."id" = 2 LIMIT 21; args=(2,)
(0.008) SELECT ("feedservice_feed_followers"."user_id") AS "_prefetch_related_val_user_id", "feedservice_feed"."id", "feedservice_feed"."title", "feedservice_feed"."url", "feedservice_feed"."registered_by_id", "feedservice_feed"."created_at", "feedservice_feed"."updated_at" FROM "feedservice_feed" INNER JOIN "feedservice_feed_followers" ON ("feedservice_feed"."id" = "feedservice_feed_followers"."feed_id") WHERE "feedservice_feed_followers"."user_id" IN (2); args=(2,)
(0.005) SELECT "feedservice_feed"."id" FROM "feedservice_feed" INNER JOIN "feedservice_feed_followers" ON ("feedservice_feed"."id" = "feedservice_feed_followers"."feed_id") WHERE "feedservice_feed_followers"."user_id" = 2; args=(2,)
(0.006) SELECT "feedservice_feed"."id", "feedservice_feed"."title", "feedservice_feed"."url", "feedservice_feed"."registered_by_id", "feedservice_feed"."created_at", "feedservice_feed"."updated_at" FROM "feedservice_feed" WHERE "feedservice_feed"."id" IN (1, 2, 3); args=(1, 2, 3)
(0.007) INSERT INTO "feedservice_feed_followers" ("feed_id", "user_id") VALUES (2, 2) ON CONFLICT DO NOTHING; args=(2, 2)
(0.003) INSERT INTO "feedservice_feed_followers" ("feed_id", "user_id") VALUES (1, 2) ON CONFLICT DO NOTHING; args=(1, 2)
(0.004) 
            SELECT c.relname,
            CASE WHEN c.relispartition THEN 'p' WHEN c.relkind IN ('m', 'v') THEN 'v' ELSE 't' END
            FROM pg_catalog.pg_class c
            LEFT JOIN pg_catalog.pg_namespace n ON n.oid = c.relnamespace
            WHERE c.relkind IN ('f', 'm', 'p', 'r', 'v')
                AND n.nspname NOT IN ('pg_catalog', 'pg_toast')
                AND pg_catalog.pg_table_is_visible(c.oid)
        ; args=None
(0.002) SELECT "django_migrations"."id", "django_migrations"."app", "django_migrations"."name", "django_migrations"."applied" FROM "django_migrations"; args=()
(0.006) SELECT "userservice_user"."id", "userservice_user"."last_login", "userservice_user"."username", "userservice_user"."password" FROM "userservice_user" WHERE "userservice_user"."id" = 2 LIMIT 21; args=(2,)
(0.003) SELECT "userservice_user"."id", "userservice_user"."last_login", "userservice_user"."username", "userservice_user"."password" FROM "userservice_user" WHERE "userservice_user"."id" = 2 LIMIT 21; args=(2,)
(0.002) SELECT ("feedservice_feed_followers"."user_id") AS "_prefetch_related_val_user_id", "feedservice_feed"."id", "feedservice_feed"."title", "feedservice_feed"."url", "feedservice_feed"."registered_by_id", "feedservice_feed"."created_at", "feedservice_feed"."updated_at" FROM "feedservice_feed" INNER JOIN "feedservice_feed_followers" ON ("feedservice_feed"."id" = "feedservice_feed_followers"."feed_id") WHERE "feedservice_feed_followers"."user_id" IN (2); args=(2,)
(0.003) SELECT "feedservice_feed"."id" FROM "feedservice_feed" INNER JOIN "feedservice_feed_followers" ON ("feedservice_feed"."id" = "feedservice_feed_followers"."feed_id") WHERE "feedservice_feed_followers"."user_id" = 2; args=(2,)
(0.005) SELECT "feedservice_feed"."id", "feedservice_feed"."title", "feedservice_feed"."url", "feedservice_feed"."registered_by_id", "feedservice_feed"."created_at", "feedservice_feed"."updated_at" FROM "feedservice_feed" WHERE "feedservice_feed"."id" IN (1, 2, 3); args=(1, 2, 3)
(0.003) INSERT INTO "feedservice_feed_followers" ("feed_id", "user_id") VALUES (2, 2) ON CONFLICT DO NOTHING; args=(2, 2)
(0.004) INSERT INTO "feedservice_feed_followers" ("feed_id", "user_id") VALUES (1, 2) ON CONFLICT DO NOTHING; args=(1, 2)
(0.003) 
            SELECT c.relname,
            CASE WHEN c.relispartition THEN 'p' WHEN c.relkind IN ('m', 'v') THEN 'v' ELSE 't' END
            FROM pg_catalog.pg_class c
            LEFT JOIN pg_catalog.pg_namespace n ON n.oid = c.relnamespace
            WHERE c.relkind IN ('f', 'm', 'p', 'r', 'v')
                AND n.nspname NOT IN ('pg_catalog', 'pg_toast')
                AND pg_catalog.pg_table_is_visible(c.oid)
        ; args=None
(0.002) SELECT "django_migrations"."id", "django_migrations"."app", "django_migrations"."name", "django_migrations"."applied" FROM "django_migrations"; args=()
(0.003) SELECT "userservice_user"."id", "userservice_user"."last_login", "userservice_user"."username", "userservice_user"."password" FROM "userservice_user" WHERE "userservice_user"."id" = 2 LIMIT 21; args=(2,)
(0.001) SELECT "userservice_user"."id", "userservice_user"."last_login", "userservice_user"."username", "userservice_user"."password" FROM "userservice_user" WHERE "userservice_user"."id" = 2 LIMIT 21; args=(2,)
(0.004) SELECT ("feedservice_feed_followers"."user_id") AS "_prefetch_related_val_user_id", "feedservice_feed"."id", "feedservice_feed"."title", "feedservice_feed"."url", "feedservice_feed"."registered_by_id", "feedservice_feed"."created_at", "feedservice_feed"."updated_at" FROM "feedservice_feed" INNER JOIN "feedservice_feed_followers" ON ("feedservice_feed"."id" = "feedservice_feed_followers"."feed_id") WHERE "feedservice_feed_followers"."user_id" IN (2); args=(2,)
(0.002) SELECT "feedservice_feed"."id" FROM "feedservice_feed" INNER JOIN "feedservice_feed_followers" ON ("feedservice_feed"."id" = "feedservice_feed_followers"."feed_id") WHERE "feedservice_feed_followers"."user_id" = 2; args=(2,)
(0.002) SELECT "feedservice_feed"."id", "feedservice_feed"."title", "feedservice_feed"."url", "feedservice_feed"."registered_by_id", "feedservice_feed"."created_at", "feedservice_feed"."updated_at" FROM "feedservice_feed" WHERE "feedservice_feed"."id" IN (1, 2, 3); args=(1, 2, 3)
(0.003) INSERT INTO "feedservice_feed_followers" ("feed_id", "user_id") VALUES (2, 2) ON CONFLICT DO NOTHING; args=(2, 2)
(0.005) INSERT INTO "feedservice_feed_followers" ("feed_id", "user_id") VALUES (1, 2) ON CONFLICT DO NOTHING; args=(1, 2)
(0.004) 
            SELECT c.relname,
            CASE WHEN c.relispartition THEN 'p' WHEN c.relkind IN ('m', 'v') THEN 'v' ELSE 't' END
            FROM pg_catalog.pg_class c
            LEFT JOIN pg_catalog.pg_namespace n ON n.oid = c.relnamespace
            WHERE c.relkind IN ('f', 'm', 'p', 'r', 'v')
                AND n.nspname NOT IN ('pg_catalog', 'pg_toast')
                AND pg_catalog.pg_table_is_visible(c.oid)
        ; args=None
(0.003) SELECT "django_migrations"."id", "django_migrations"."app", "django_migrations"."name", "django_migrations"."applied" FROM "django_migrations"; args=()
(0.008) 
            SELECT c.relname,
            CASE WHEN c.relispartition THEN 'p' WHEN c.relkind IN ('m', 'v') THEN 'v' ELSE 't' END
            FROM pg_catalog.pg_class c
            LEFT JOIN pg_catalog.pg_namespace n ON n.oid = c.relnamespace
            WHERE c.relkind IN ('f', 'm', 'p', 'r', 'v')
                AND n.nspname NOT IN ('pg_catalog', 'pg_toast')
                AND pg_catalog.pg_table_is_visible(c.oid)
        ; args=None
(0.003) SELECT "django_migrations"."id", "django_migrations"."app", "django_migrations"."name", "django_migrations"."applied" FROM "django_migrations"; args=()
(0.003) SELECT "userservice_user"."id", "userservice_user"."last_login", "userservice_user"."username", "userservice_user"."password" FROM "userservice_user" WHERE "userservice_user"."id" = 2 LIMIT 21; args=(2,)
(0.001) SELECT "userservice_user"."id", "userservice_user"."last_login", "userservice_user"."username", "userservice_user"."password" FROM "userservice_user" WHERE "userservice_user"."id" = 2 LIMIT 21; args=(2,)
(0.003) SELECT ("feedservice_feed_followers"."user_id") AS "_prefetch_related_val_user_id", "feedservice_feed"."id", "feedservice_feed"."title", "feedservice_feed"."url", "feedservice_feed"."registered_by_id", "feedservice_feed"."created_at", "feedservice_feed"."updated_at" FROM "feedservice_feed" INNER JOIN "feedservice_feed_followers" ON ("feedservice_feed"."id" = "feedservice_feed_followers"."feed_id") WHERE "feedservice_feed_followers"."user_id" IN (2); args=(2,)
(0.002) SELECT "feedservice_feed"."id" FROM "feedservice_feed" INNER JOIN "feedservice_feed_followers" ON ("feedservice_feed"."id" = "feedservice_feed_followers"."feed_id") WHERE "feedservice_feed_followers"."user_id" = 2; args=(2,)
(0.002) SELECT "feedservice_feed"."id", "feedservice_feed"."title", "feedservice_feed"."url", "feedservice_feed"."registered_by_id", "feedservice_feed"."created_at", "feedservice_feed"."updated_at" FROM "feedservice_feed" WHERE "feedservice_feed"."id" IN (1, 2, 3); args=(1, 2, 3)
(0.007) SELECT "userservice_user"."id", "userservice_user"."last_login", "userservice_user"."username", "userservice_user"."password" FROM "userservice_user" WHERE "userservice_user"."id" = 2 LIMIT 21; args=(2,)
(0.002) SELECT "userservice_user"."id", "userservice_user"."last_login", "userservice_user"."username", "userservice_user"."password" FROM "userservice_user" WHERE "userservice_user"."id" = 2 LIMIT 21; args=(2,)
(0.004) SELECT ("feedservice_feed_followers"."user_id") AS "_prefetch_related_val_user_id", "feedservice_feed"."id", "feedservice_feed"."title", "feedservice_feed"."url", "feedservice_feed"."registered_by_id", "feedservice_feed"."created_at", "feedservice_feed"."updated_at" FROM "feedservice_feed" INNER JOIN "feedservice_feed_followers" ON ("feedservice_feed"."id" = "feedservice_feed_followers"."feed_id") WHERE "feedservice_feed_followers"."user_id" IN (2); args=(2,)
(0.002) SELECT "feedservice_feed"."id" FROM "feedservice_feed" INNER JOIN "feedservice_feed_followers" ON ("feedservice_feed"."id" = "feedservice_feed_followers"."feed_id") WHERE "feedservice_feed_followers"."user_id" = 2; args=(2,)
(0.002) SELECT "feedservice_feed"."id", "feedservice_feed"."title", "feedservice_feed"."url", "feedservice_feed"."registered_by_id", "feedservice_feed"."created_at", "feedservice_feed"."updated_at" FROM "feedservice_feed" WHERE "feedservice_feed"."id" IN (1, 2, 3); args=(1, 2, 3)
(0.003) SELECT "userservice_user"."id", "userservice_user"."last_login", "userservice_user"."username", "userservice_user"."password" FROM "userservice_user" WHERE "userservice_user"."id" = 2 LIMIT 21; args=(2,)
(0.002) SELECT "userservice_user"."id", "userservice_user"."last_login", "userservice_user"."username", "userservice_user"."password" FROM "userservice_user" WHERE "userservice_user"."id" = 2 LIMIT 21; args=(2,)
(0.006) SELECT ("feedservice_feed_followers"."user_id") AS "_prefetch_related_val_user_id", "feedservice_feed"."id", "feedservice_feed"."title", "feedservice_feed"."url", "feedservice_feed"."registered_by_id", "feedservice_feed"."created_at", "feedservice_feed"."updated_at" FROM "feedservice_feed" INNER JOIN "feedservice_feed_followers" ON ("feedservice_feed"."id" = "feedservice_feed_followers"."feed_id") WHERE "feedservice_feed_followers"."user_id" IN (2); args=(2,)
(0.002) SELECT "feedservice_feed"."id" FROM "feedservice_feed" INNER JOIN "feedservice_feed_followers" ON ("feedservice_feed"."id" = "feedservice_feed_followers"."feed_id") WHERE "feedservice_feed_followers"."user_id" = 2; args=(2,)
(0.001) SELECT "feedservice_feed"."id", "feedservice_feed"."title", "feedservice_feed"."url", "feedservice_feed"."registered_by_id", "feedservice_feed"."created_at", "feedservice_feed"."updated_at" FROM "feedservice_feed" WHERE "feedservice_feed"."id" IN (1, 2, 3); args=(1, 2, 3)
(0.008) INSERT INTO "feedservice_feed_followers" ("feed_id", "user_id") VALUES (2, 2) ON CONFLICT DO NOTHING; args=(2, 2)
(0.003) INSERT INTO "feedservice_feed_followers" ("feed_id", "user_id") VALUES (1, 2) ON CONFLICT DO NOTHING; args=(1, 2)
(0.009) SELECT "userservice_user"."id", "userservice_user"."last_login", "userservice_user"."username", "userservice_user"."password" FROM "userservice_user" WHERE "userservice_user"."id" = 2 LIMIT 21; args=(2,)
(0.007) SELECT "userservice_user"."id", "userservice_user"."last_login", "userservice_user"."username", "userservice_user"."password" FROM "userservice_user" WHERE "userservice_user"."id" = 2 LIMIT 21; args=(2,)
(0.006) SELECT ("feedservice_feed_followers"."user_id") AS "_prefetch_related_val_user_id", "feedservice_feed"."id", "feedservice_feed"."title", "feedservice_feed"."url", "feedservice_feed"."registered_by_id", "feedservice_feed"."created_at", "feedservice_feed"."updated_at" FROM "feedservice_feed" INNER JOIN "feedservice_feed_followers" ON ("feedservice_feed"."id" = "feedservice_feed_followers"."feed_id") WHERE "feedservice_feed_followers"."user_id" IN (2); args=(2,)
(0.006) SELECT "feedservice_feed"."id" FROM "feedservice_feed" INNER JOIN "feedservice_feed_followers" ON ("feedservice_feed"."id" = "feedservice_feed_followers"."feed_id") WHERE "feedservice_feed_followers"."user_id" = 2; args=(2,)
(0.003) SELECT "feedservice_feed"."id", "feedservice_feed"."title", "feedservice_feed"."url", "feedservice_feed"."registered_by_id", "feedservice_feed"."created_at", "feedservice_feed"."updated_at" FROM "feedservice_feed" WHERE "feedservice_feed"."id" IN (1, 2, 3); args=(1, 2, 3)
(0.008) DELETE FROM "feedservice_feed_followers" WHERE ("feedservice_feed_followers"."feed_id" = 2 AND "feedservice_feed_followers"."user_id" IN (2)); args=(2, 2)
(0.004) DELETE FROM "feedservice_feed_followers" WHERE ("feedservice_feed_followers"."feed_id" = 1 AND "feedservice_feed_followers"."user_id" IN (2)); args=(1, 2)
(0.005) SELECT "userservice_user"."id", "userservice_user"."last_login", "userservice_user"."username", "userservice_user"."password" FROM "userservice_user" WHERE "userservice_user"."id" = 2 LIMIT 21; args=(2,)
(0.007) SELECT "userservice_user"."id", "userservice_user"."last_login", "userservice_user"."username", "userservice_user"."password" FROM "userservice_user" WHERE "userservice_user"."id" = 2 LIMIT 21; args=(2,)
(0.004) SELECT ("feedservice_feed_followers"."user_id") AS "_prefetch_related_val_user_id", "feedservice_feed"."id", "feedservice_feed"."title", "feedservice_feed"."url", "feedservice_feed"."registered_by_id", "feedservice_feed"."created_at", "feedservice_feed"."updated_at" FROM "feedservice_feed" INNER JOIN "feedservice_feed_followers" ON ("feedservice_feed"."id" = "feedservice_feed_followers"."feed_id") WHERE "feedservice_feed_followers"."user_id" IN (2); args=(2,)
(0.005) SELECT "feedservice_feed"."id" FROM "feedservice_feed" INNER JOIN "feedservice_feed_followers" ON ("feedservice_feed"."id" = "feedservice_feed_followers"."feed_id") WHERE "feedservice_feed_followers"."user_id" = 2; args=(2,)
(0.002) SELECT "feedservice_feed"."id", "feedservice_feed"."title", "feedservice_feed"."url", "feedservice_feed"."registered_by_id", "feedservice_feed"."created_at", "feedservice_feed"."updated_at" FROM "feedservice_feed" WHERE "feedservice_feed"."id" IN (1, 2, 3); args=(1, 2, 3)
(0.007) SELECT "userservice_user"."id", "userservice_user"."last_login", "userservice_user"."username", "userservice_user"."password" FROM "userservice_user" WHERE "userservice_user"."id" = 2 LIMIT 21; args=(2,)
(0.010) SELECT "userservice_user"."id", "userservice_user"."last_login", "userservice_user"."username", "userservice_user"."password" FROM "userservice_user" WHERE "userservice_user"."id" = 2 LIMIT 21; args=(2,)
(0.007) SELECT ("feedservice_feed_followers"."user_id") AS "_prefetch_related_val_user_id", "feedservice_feed"."id", "feedservice_feed"."title", "feedservice_feed"."url", "feedservice_feed"."registered_by_id", "feedservice_feed"."created_at", "feedservice_feed"."updated_at" FROM "feedservice_feed" INNER JOIN "feedservice_feed_followers" ON ("feedservice_feed"."id" = "feedservice_feed_followers"."feed_id") WHERE "feedservice_feed_followers"."user_id" IN (2); args=(2,)
(0.002) SELECT "feedservice_feed"."id" FROM "feedservice_feed" INNER JOIN "feedservice_feed_followers" ON ("feedservice_feed"."id" = "feedservice_feed_followers"."feed_id") WHERE "feedservice_feed_followers"."user_id" = 2; args=(2,)
(0.002) SELECT "feedservice_feed"."id", "feedservice_feed"."title", "feedservice_feed"."url", "feedservice_feed"."registered_by_id", "feedservice_feed"."created_at", "feedservice_feed"."updated_at" FROM "feedservice_feed" WHERE "feedservice_feed"."id" IN (1, 2, 3); args=(1, 2, 3)
(0.004) INSERT INTO "feedservice_feed_followers" ("feed_id", "user_id") VALUES (2, 2) ON CONFLICT DO NOTHING; args=(2, 2)
(0.003) INSERT INTO "feedservice_feed_followers" ("feed_id", "user_id") VALUES (1, 2) ON CONFLICT DO NOTHING; args=(1, 2)
(0.003) SELECT "userservice_user"."id", "userservice_user"."last_login", "userservice_user"."username", "userservice_user"."password" FROM "userservice_user" WHERE "userservice_user"."id" = 2 LIMIT 21; args=(2,)
(0.005) SELECT "userservice_user"."id", "userservice_user"."last_login", "userservice_user"."username", "userservice_user"."password" FROM "userservice_user" WHERE "userservice_user"."id" = 2 LIMIT 21; args=(2,)
(0.003) SELECT ("feedservice_feed_followers"."user_id") AS "_prefetch_related_val_user_id", "feedservice_feed"."id", "feedservice_feed"."title", "feedservice_feed"."url", "feedservice_feed"."registered_by_id", "feedservice_feed"."created_at", "feedservice_feed"."updated_at" FROM "feedservice_feed" INNER JOIN "feedservice_feed_followers" ON ("feedservice_feed"."id" = "feedservice_feed_followers"."feed_id") WHERE "feedservice_feed_followers"."user_id" IN (2); args=(2,)
(0.002) SELECT "feedservice_feed"."id" FROM "feedservice_feed" INNER JOIN "feedservice_feed_followers" ON ("feedservice_feed"."id" = "feedservice_feed_followers"."feed_id") WHERE "feedservice_feed_followers"."user_id" = 2; args=(2,)
(0.002) SELECT "feedservice_feed"."id", "feedservice_feed"."title", "feedservice_feed"."url", "feedservice_feed"."registered_by_id", "feedservice_feed"."created_at", "feedservice_feed"."updated_at" FROM "feedservice_feed" WHERE "feedservice_feed"."id" IN (1, 2, 3); args=(1, 2, 3)
(0.002) DELETE FROM "feedservice_feed_followers" WHERE ("feedservice_feed_followers"."feed_id" = 2 AND "feedservice_feed_followers"."user_id" IN (2)); args=(2, 2)
(0.004) DELETE FROM "feedservice_feed_followers" WHERE ("feedservice_feed_followers"."feed_id" = 1 AND "feedservice_feed_followers"."user_id" IN (2)); args=(1, 2)
(0.006) 
            SELECT c.relname,
            CASE WHEN c.relispartition THEN 'p' WHEN c.relkind IN ('m', 'v') THEN 'v' ELSE 't' END
            FROM pg_catalog.pg_class c
            LEFT JOIN pg_catalog.pg_namespace n ON n.oid = c.relnamespace
            WHERE c.relkind IN ('f', 'm', 'p', 'r', 'v')
                AND n.nspname NOT IN ('pg_catalog', 'pg_toast')
                AND pg_catalog.pg_table_is_visible(c.oid)
        ; args=None
(0.014) SELECT "django_migrations"."id", "django_migrations"."app", "django_migrations"."name", "django_migrations"."applied" FROM "django_migrations"; args=()
(0.004) SELECT "userservice_user"."id", "userservice_user"."last_login", "userservice_user"."username", "userservice_user"."password" FROM "userservice_user" WHERE "userservice_user"."id" = 2 LIMIT 21; args=(2,)
(0.002) SELECT "userservice_user"."id", "userservice_user"."last_login", "userservice_user"."username", "userservice_user"."password" FROM "userservice_user" WHERE "userservice_user"."id" = 2 LIMIT 21; args=(2,)
(0.002) SELECT ("feedservice_feed_followers"."user_id") AS "_prefetch_related_val_user_id", "feedservice_feed"."id", "feedservice_feed"."title", "feedservice_feed"."url", "feedservice_feed"."registered_by_id", "feedservice_feed"."created_at", "feedservice_feed"."updated_at" FROM "feedservice_feed" INNER JOIN "feedservice_feed_followers" ON ("feedservice_feed"."id" = "feedservice_feed_followers"."feed_id") WHERE "feedservice_feed_followers"."user_id" IN (2); args=(2,)
(0.004) SELECT "feedservice_feed"."id" FROM "feedservice_feed" INNER JOIN "feedservice_feed_followers" ON ("feedservice_feed"."id" = "feedservice_feed_followers"."feed_id") WHERE "feedservice_feed_followers"."user_id" = 2; args=(2,)
(0.002) SELECT "feedservice_feed"."id", "feedservice_feed"."title", "feedservice_feed"."url", "feedservice_feed"."registered_by_id", "feedservice_feed"."created_at", "feedservice_feed"."updated_at" FROM "feedservice_feed" WHERE "feedservice_feed"."id" IN (10, 20, 30); args=(10, 20, 30)
(0.008) SELECT "userservice_user"."id", "userservice_user"."last_login", "userservice_user"."username", "userservice_user"."password" FROM "userservice_user" WHERE "userservice_user"."id" = 2 LIMIT 21; args=(2,)
(0.001) SELECT "userservice_user"."id", "userservice_user"."last_login", "userservice_user"."username", "userservice_user"."password" FROM "userservice_user" WHERE "userservice_user"."id" = 2 LIMIT 21; args=(2,)
(0.002) SELECT ("feedservice_feed_followers"."user_id") AS "_prefetch_related_val_user_id", "feedservice_feed"."id", "feedservice_feed"."title", "feedservice_feed"."url", "feedservice_feed"."registered_by_id", "feedservice_feed"."created_at", "feedservice_feed"."updated_at" FROM "feedservice_feed" INNER JOIN "feedservice_feed_followers" ON ("feedservice_feed"."id" = "feedservice_feed_followers"."feed_id") WHERE "feedservice_feed_followers"."user_id" IN (2); args=(2,)
(0.001) SELECT "feedservice_feed"."id" FROM "feedservice_feed" INNER JOIN "feedservice_feed_followers" ON ("feedservice_feed"."id" = "feedservice_feed_followers"."feed_id") WHERE "feedservice_feed_followers"."user_id" = 2; args=(2,)
(0.001) SELECT "feedservice_feed"."id", "feedservice_feed"."title", "feedservice_feed"."url", "feedservice_feed"."registered_by_id", "feedservice_feed"."created_at", "feedservice_feed"."updated_at" FROM "feedservice_feed" WHERE "feedservice_feed"."id" IN (10, 20, 30); args=(10, 20, 30)
(0.006) SELECT "userservice_user"."id", "userservice_user"."last_login", "userservice_user"."username", "userservice_user"."password" FROM "userservice_user" WHERE "userservice_user"."id" = 2 LIMIT 21; args=(2,)
(0.003) SELECT "userservice_user"."id", "userservice_user"."last_login", "userservice_user"."username", "userservice_user"."password" FROM "userservice_user" WHERE "userservice_user"."id" = 2 LIMIT 21; args=(2,)
(0.004) SELECT ("feedservice_feed_followers"."user_id") AS "_prefetch_related_val_user_id", "feedservice_feed"."id", "feedservice_feed"."title", "feedservice_feed"."url", "feedservice_feed"."registered_by_id", "feedservice_feed"."created_at", "feedservice_feed"."updated_at" FROM "feedservice_feed" INNER JOIN "feedservice_feed_followers" ON ("feedservice_feed"."id" = "feedservice_feed_followers"."feed_id") WHERE "feedservice_feed_followers"."user_id" IN (2); args=(2,)
(0.005) SELECT "feedservice_feed"."id" FROM "feedservice_feed" INNER JOIN "feedservice_feed_followers" ON ("feedservice_feed"."id" = "feedservice_feed_followers"."feed_id") WHERE "feedservice_feed_followers"."user_id" = 2; args=(2,)
(0.002) SELECT "feedservice_feed"."id", "feedservice_feed"."title", "feedservice_feed"."url", "feedservice_feed"."registered_by_id", "feedservice_feed"."created_at", "feedservice_feed"."updated_at" FROM "feedservice_feed" WHERE "feedservice_feed"."id" IN (10, 20, 30); args=(10, 20, 30)
(0.006) 
            SELECT c.relname,
            CASE WHEN c.relispartition THEN 'p' WHEN c.relkind IN ('m', 'v') THEN 'v' ELSE 't' END
            FROM pg_catalog.pg_class c
            LEFT JOIN pg_catalog.pg_namespace n ON n.oid = c.relnamespace
            WHERE c.relkind IN ('f', 'm', 'p', 'r', 'v')
                AND n.nspname NOT IN ('pg_catalog', 'pg_toast')
                AND pg_catalog.pg_table_is_visible(c.oid)
        ; args=None
(0.002) SELECT "django_migrations"."id", "django_migrations"."app", "django_migrations"."name", "django_migrations"."applied" FROM "django_migrations"; args=()
(0.004) SELECT "userservice_user"."id", "userservice_user"."last_login", "userservice_user"."username", "userservice_user"."password" FROM "userservice_user" WHERE "userservice_user"."id" = 2 LIMIT 21; args=(2,)
(0.004) SELECT "feedservice_feed"."id", "feedservice_feed"."title", "feedservice_feed"."url", "feedservice_feed"."registered_by_id", "feedservice_feed"."created_at", "feedservice_feed"."updated_at" FROM "feedservice_feed" WHERE "feedservice_feed"."id" IN (10, 20, 30) LIMIT 21; args=(10, 20, 30)
(0.006) SELECT COUNT(*) AS "__count" FROM "feedservice_feed" WHERE "feedservice_feed"."id" IN (10, 20, 30); args=(10, 20, 30)
(0.004) 
            SELECT c.relname,
            CASE WHEN c.relispartition THEN 'p' WHEN c.relkind IN ('m', 'v') THEN 'v' ELSE 't' END
            FROM pg_catalog.pg_class c
            LEFT JOIN pg_catalog.pg_namespace n ON n.oid = c.relnamespace
            WHERE c.relkind IN ('f', 'm', 'p', 'r', 'v')
                AND n.nspname NOT IN ('pg_catalog', 'pg_toast')
                AND pg_catalog.pg_table_is_visible(c.oid)
        ; args=None
(0.002) SELECT "django_migrations"."id", "django_migrations"."app", "django_migrations"."name", "django_migrations"."applied" FROM "django_migrations"; args=()
(0.002) SELECT "userservice_user"."id", "userservice_user"."last_login", "userservice_user"."username", "userservice_user"."password" FROM "userservice_user" WHERE "userservice_user"."id" = 2 LIMIT 21; args=(2,)
(0.002) SELECT "feedservice_feed"."id", "feedservice_feed"."title", "feedservice_feed"."url", "feedservice_feed"."registered_by_id", "feedservice_feed"."created_at", "feedservice_feed"."updated_at" FROM "feedservice_feed" WHERE "feedservice_feed"."id" IN (10, 20, 30); args=(10, 20, 30)
(0.006) 
            SELECT c.relname,
            CASE WHEN c.relispartition THEN 'p' WHEN c.relkind IN ('m', 'v') THEN 'v' ELSE 't' END
            FROM pg_catalog.pg_class c
            LEFT JOIN pg_catalog.pg_namespace n ON n.oid = c.relnamespace
            WHERE c.relkind IN ('f', 'm', 'p', 'r', 'v')
                AND n.nspname NOT IN ('pg_catalog', 'pg_toast')
                AND pg_catalog.pg_table_is_visible(c.oid)
        ; args=None
(0.003) SELECT "django_migrations"."id", "django_migrations"."app", "django_migrations"."name", "django_migrations"."applied" FROM "django_migrations"; args=()
(0.004) 
            SELECT c.relname,
            CASE WHEN c.relispartition THEN 'p' WHEN c.relkind IN ('m', 'v') THEN 'v' ELSE 't' END
            FROM pg_catalog.pg_class c
            LEFT JOIN pg_catalog.pg_namespace n ON n.oid = c.relnamespace
            WHERE c.relkind IN ('f', 'm', 'p', 'r', 'v')
                AND n.nspname NOT IN ('pg_catalog', 'pg_toast')
                AND pg_catalog.pg_table_is_visible(c.oid)
        ; args=None
(0.002) SELECT "django_migrations"."id", "django_migrations"."app", "django_migrations"."name", "django_migrations"."applied" FROM "django_migrations"; args=()
